<?xml version="1.0" encoding="UTF-8"?>
<!-- Generated by org.testng.reporters.JUnitXMLReporter -->
<testsuite ignored="2" hostname="Hira" failures="0" tests="1" name="Default test" time="2.968" errors="0" timestamp="2022-11-16T16:31:30 PKT">
  <testcase classname="Java1" name="addUser" time="2.926"/>
  <testcase classname="Java1" name="GetUser" time="0.0">
    <ignored/>
  </testcase> <!-- GetUser -->
  <testcase classname="Java1" name="UpdateUser" time="0.0">
    <ignored/>
  </testcase> <!-- UpdateUser -->
</testsuite> <!-- Default test -->
